■2014-05-30 08:37:38
test_csv
 - data - 0 - 0 : 1
 - data - 0 - 1 : ナポレオン
 - data - 0 - 2 : フランス
 - data - 0 - 3 : 1769
 - data - 0 - 4 : 1821
 - data - 0 - 5 : 1798
 - data - 1 - 0 : 2
 - data - 1 - 1 : マリア・テレジア
 - data - 1 - 2 : リトアニア
 - data - 1 - 3 : 1717
 - data - 1 - 4 : 1780
 - data - 1 - 5 : 1740
 - data - 2 - 0 : 3
 - data - 2 - 1 : エリザベス1世
 - data - 2 - 2 : イギリス
 - data - 2 - 3 : 1533
 - data - 2 - 4 : 1603
 - data - 2 - 5 : 1560
 - data - 3 - 0 : 4
 - data - 3 - 1 : アールパード
 - data - 3 - 2 : ハンガリー
 - data - 3 - 3 : 845
 - data - 3 - 4 : 907
 - data - 3 - 5 : 896
