■2014-04-11 08:09:08
▽▽▽▽▽﻿id,name,value1,aaa,comma

▽▽▽▽▽1,徳川家康,1000,aaaaa1@aa,"aa,bb,cc1"

▽▽▽▽▽2,源頼朝,1001,aaaaa2@aa,"aa,bb,cc2"

▽▽▽▽▽3,足利義満,1002,aaaaa3@aa,"aa,bb,cc3"

▽▽▽▽▽4,藤原道長,1003,aaaaa4@aa,"aa,bb,cc4"

▽▽▽▽▽5,平清盛,1004,aaaaa5@aa,"aa,bb,cc5"

▽▽▽▽▽6,後醍醐天皇,1005,aaaaa6@aa,"aa,bb,cc6"

▽▽▽▽▽7,聖徳太子,1006,aaaaa7@aa,"aa,bb,cc7"

▽▽▽▽▽8,菅原道真,1007,aaaaa8@aa,"aa,bb,cc8"

▽▽▽▽▽9,豊臣秀吉,1008,aaaaa9@aa,"aa,bb,cc9"

▽▽▽▽▽10,織田信長,1009,aaaaa10@aa,"aa,bb,cc10"

▽▽▽▽▽11,西郷隆盛,1010,aaaaa11@aa,"aa,bb,cc11"

▽▽▽▽▽12,大久保利通,1011,aaaaa12@aa,"aa,bb,cc12"

◇0
0=﻿id,1=name,2=value1,3=aaa,4=comma

◇1
0=1,1=徳川家康,2=1000,3=aaaaa1@aa,4=aa,bb,cc1
◇2
0=2,1=源頼朝,2=1001,3=aaaaa2@aa,4=aa,bb,cc2
◇3
0=3,1=足利義満,2=1002,3=aaaaa3@aa,4=aa,bb,cc3
◇4
0=4,1=藤原道長,2=1003,3=aaaaa4@aa,4=aa,bb,cc4
◇5
0=5,1=平清盛,2=1004,3=aaaaa5@aa,4=aa,bb,cc5
◇6
0=6,1=後醍醐天皇,2=1005,3=aaaaa6@aa,4=aa,bb,cc6
◇7
0=7,1=聖徳太子,2=1006,3=aaaaa7@aa,4=aa,bb,cc7
◇8
0=8,1=菅原道真,2=1007,3=aaaaa8@aa,4=aa,bb,cc8
◇9
0=9,1=豊臣秀吉,2=1008,3=aaaaa9@aa,4=aa,bb,cc9
◇10
0=10,1=織田信長,2=1009,3=aaaaa10@aa,4=aa,bb,cc10
◇11
0=11,1=西郷隆盛,2=1010,3=aaaaa11@aa,4=aa,bb,cc11
◇12
0=12,1=大久保利通,2=1011,3=aaaaa12@aa,4=aa,bb,cc12
